[2025-12-02 12:48:30] Nama: WIshkas | Usia: REMAJA 12 - 19 Tahun | IP: ::1
[2025-12-02 13:07:50] Nama: WIshkas | Usia: REMAJA 12 - 19 Tahun | IP: ::1
[2025-12-03 03:27:00] Nama: Kol Bogor | Usia: REMAJA 12 - 19 Tahun | IP: ::1
[2025-12-03 03:28:54] Nama: Julian Dwi Satrio | Usia: REMAJA 12 - 19 Tahun | IP: ::1
[2025-12-03 03:29:59] Nama: Kol Bogor | Usia: REMAJA 12 - 19 Tahun | IP: ::1
[2025-12-03 12:24:39] Nama: Julian Dwi Satrio | Usia: DEWASA MUDA 20 - 30 Tahun | IP: ::1
[2025-12-03 12:40:14] Nama: Julian Dwi Satrio | Usia: REMAJA 12 - 19 Tahun | IP: ::1
[2025-12-03 14:10:29] Nama: Kol Bogor | Usia: REMAJA 12 - 19 Tahun | IP: ::1
[2025-12-03 14:52:11] Nama: Julian Dwi Satrio | Usia: DEWASA MUDA 20 - 30 Tahun | IP: ::1
[2025-12-03 15:10:19] Nama: Julian Dwi Satrio | Usia: REMAJA 12 - 19 Tahun | IP: ::1
[2025-12-03 15:13:36] Nama: Ujang Kedu | Usia: DEWASA MUDA 20 - 30 Tahun | IP: ::1
[2025-12-03 15:17:11] Nama: sahroni | Usia: DEWASA MUDA 20 - 30 Tahun | IP: ::1
[2025-12-03 15:21:34] Nama: WIshkas | Usia: DEWASA MUDA 20 - 30 Tahun | IP: ::1
[2025-12-03 15:22:11] Nama: Kol Bogor | Usia: DEWASA MUDA 20 - 30 Tahun | IP: ::1
[2025-12-03 15:32:52] Nama: Kol Bogor | Usia: REMAJA 12 - 19 Tahun | IP: ::1
[2025-12-04 02:28:18] Nama: Julian Dwi Satrio | Usia: REMAJA 12 - 19 Tahun | IP: ::1
[2025-12-05 08:28:10] Nama: Jack Deung | Usia: DEWASA MUDA 20 - 30 Tahun | IP: ::1
[2025-12-05 08:32:20] Nama: Jack | Usia: DEWASA MUDA 20 - 30 Tahun | IP: ::1
[2025-12-05 08:32:21] Nama: Jack | Usia: DEWASA MUDA 20 - 30 Tahun | IP: ::1
[2025-12-05 08:36:32] Nama: asdasd | Usia: REMAJA 12 - 19 Tahun | IP: ::1
[2025-12-05 08:36:34] Nama: asdasd | Usia: REMAJA 12 - 19 Tahun | IP: ::1
[2025-12-08 07:24:57] Nama: WIshkas | Usia: DEWASA MUDA 20 - 30 Tahun | IP: ::1
[2025-12-08 07:55:02] Nama: Julian Dwi Satrio | Usia: DEWASA MUDA 20 - 30 Tahun | IP: ::1
[2025-12-08 07:56:27] Nama: Julian Dwi Satrio | Usia: DEWASA 31 - 70 Tahun | IP: ::1
[2025-12-08 07:57:51] Nama: Julian Dwi Satrio | Usia: REMAJA 12 - 19 Tahun | IP: ::1
[2025-12-08 07:58:15] Nama: Julian Dwi Satrio | Usia: REMAJA 12 - 19 Tahun | IP: ::1
[2025-12-08 08:00:56] Nama: Kol Bogor | Usia: REMAJA 12 - 19 Tahun | IP: ::1
[2025-12-08 08:07:21] Nama: Julian Dwi Satrio | Usia: DEWASA MUDA 20 - 30 Tahun | IP: ::1
[2025-12-08 13:10:31] Nama: Julian Dwi Satrio | Usia: DEWASA MUDA 20 - 30 Tahun | IP: ::1
[2025-12-08 13:12:07] Nama: Julian Dwi Satrio | Usia: DEWASA MUDA 20 - 30 Tahun | IP: ::1
[2025-12-08 15:44:50] Nama: Julian Dwi Satrio | Usia: REMAJA 12 - 19 Tahun | IP: ::1
[2025-12-08 16:09:51] Nama: Julian Dwi Satrio | Usia: DEWASA MUDA 20 - 30 Tahun | IP: ::1
[2025-12-08 16:11:31] Nama: Julian Dwi Satrio | Usia: DEWASA MUDA 20 - 30 Tahun | IP: ::1
[2025-12-08 16:19:48] Nama: Julian Dwi Satrio | Usia: DEWASA MUDA 20 - 30 Tahun | IP: ::1
[2025-12-08 16:23:03] Nama: Julian Dwi Satrio | Usia: REMAJA 12 - 19 Tahun | IP: ::1
[2025-12-08 16:24:17] Nama: Julian Dwi Satrio | Usia: DEWASA MUDA 20 - 30 Tahun | IP: ::1
[2025-12-08 16:25:52] Nama: Julian Dwi Satrio | Usia: REMAJA 12 - 19 Tahun | IP: ::1
[2025-12-08 17:37:56] Nama: Julian Dwi Satrio | Usia: DEWASA MUDA 20 - 30 Tahun | IP: ::1
[2025-12-08 17:39:13] Nama: Julian Dwi Satrio | Usia: REMAJA 12 - 19 Tahun | IP: ::1
[2025-12-08 17:46:21] Nama: Julian Dwi Satrio | Usia: DEWASA MUDA 20 - 30 Tahun | IP: ::1
[2025-12-08 17:47:28] Nama: Julian Dwi Satrio | Usia: REMAJA 12 - 19 Tahun | IP: ::1
[2025-12-08 18:33:27] Nama: Julian Dwi Satrio | Usia: DEWASA MUDA 20 - 30 Tahun | IP: ::1
[2025-12-08 18:33:51] Nama: Julian Dwi Satrio | Usia: REMAJA 12 - 19 Tahun | IP: ::1
[2025-12-08 18:50:46] Nama: Julian Dwi Satrio | Usia: DEWASA MUDA 20 - 30 Tahun | IP: ::1
[2025-12-08 18:51:54] Nama: Julian Dwi Satrio | Usia: DEWASA MUDA 20 - 30 Tahun | IP: ::1
[2025-12-08 18:52:49] Nama: Julian | Usia: DEWASA MUDA 20 - 30 Tahun | IP: ::1
[2025-12-08 18:54:43] Nama: Julian | Usia: DEWASA MUDA 20 - 30 Tahun | IP: ::1
[2025-12-08 18:54:45] Nama: Julian | Usia: DEWASA MUDA 20 - 30 Tahun | IP: ::1
[2025-12-08 18:57:08] Nama: Joel | Usia: DEWASA MUDA 20 - 30 Tahun | IP: ::1
[2025-12-08 18:59:08] Nama: Julian Dwi Satrio | Usia: REMAJA 12 - 19 Tahun | IP: ::1
[2025-12-08 19:10:24] Nama: Julian Dwi Satrio | Usia: DEWASA MUDA 20 - 30 Tahun | IP: ::1
[2025-12-08 19:12:19] Nama: Joel | Usia: REMAJA 12 - 19 Tahun | IP: ::1
[2025-12-08 19:14:15] Nama: Julian Dwi Satrio | Usia: DEWASA MUDA 20 - 30 Tahun | IP: ::1
[2025-12-12 06:03:26] Nama: Julian Dwi Satrio | Usia: REMAJA 12 - 19 Tahun | IP: ::1
[2025-12-12 06:04:46] Nama: Julian Dwi Satrio | Usia: DEWASA MUDA 20 - 30 Tahun | IP: ::1
[2025-12-12 06:05:34] Nama: Julian Dwi Satrio | Usia: DEWASA MUDA 20 - 30 Tahun | IP: ::1
[2025-12-12 08:10:40] Nama: Julian Dwi Satrio | Usia: DEWASA MUDA 20 - 30 Tahun | IP: ::1
